1
2
3
4
5
6
7
8
9
10
11
12
13
14
15
16
17
18
19
20
21
22
23
24
25
26
27
28
29
30
31
32
33
34
35
38
39
41
42
44
45
46
47
49
50
51
52
53
54
55
56
57
58
59
61
62
63
65
66
67
69
70
71
72
73
74
75
76
77
78
79
80
81
82
83
84
85
87
88
89
90
91
92
93
94
95
96
97
98
99
100
101
102
104
105
106
107
108
110
111
112
113
114
115
116
117
118
119
120
122
123
125
126
127
128
129
131
132
133
134
136
137
138
139
140
141
142
143
145
146
147
148
149
151
152
153
154
155
156
157
158
160
161
162
164
165
168
169
170
171
172
173
174
178
180
182
186
187
188
189
191
194
195
196
199
200
201
203
204
205
210
213
214
216
217
218
219
220
222
223
225
226
227
228
229
232
236
238
241
244
245
250
252
253
255
256
259
262
269
270
271
272
274
275
278
279
280
282
283
284
286
287
290
293
294
296
298
300
301
303
307
308
311
312
313
315
317
318
321
323
324
325
328
329
333
335
337
338
340
342
343
344
345
353
354
356
357
359
362
363
364
365
366
367
372
376
377
379
381
382
387
388
389
391
393
394
395
396
398
399
400
403
406
408
409
412
415
417
418
419
422
423
424
432
433
440
443
445
448
456
459
460
462
466
468
474
475
476
479
483
485
486
487
489
491
492
497
499
500
501
503
504
505
506
514
519
523
526
530
532
535
537
543
545
546
549
552
564
568
572
577
581
583
590
594
601
604
606
610
611
615
620
622
640
648
649
650
651
679
680
683
685
692
693
696
697
707
709
710
712
715
725
727
735
743
745
747
750
752
753
758
774
779
786
804
810
811
814
819
821
824
825
829
841
850
859
864
872
874
897
898
901
910
914
916
917
920
922
925
926
933
938
947
949
950
962
969
983
984
987
1024
1026
1029
1032
1039
1041
1056
1090
1100
1111
1120
1145
1149
1163
1164
1173
1216
